2026-02-08 16:28:25 | ERROR | Upload failed
Traceback (most recent call last):
  File "src/oracledb/impl/thin/connection.pyx", line 404, in oracledb.thin_impl.ThinConnImpl._connect_with_address
  File "src/oracledb/impl/thin/protocol.pyx", line 288, in oracledb.thin_impl.Protocol._connect_phase_one
  File "src/oracledb/impl/thin/protocol.pyx", line 470, in oracledb.thin_impl.Protocol._process_message
  File "src/oracledb/impl/thin/protocol.pyx", line 446, in oracledb.thin_impl.Protocol._process_message
  File "src/oracledb/impl/thin/messages/connect.pyx", line 95, in oracledb.thin_impl.ConnectMessage.process
  File "C:\Users\DEB S\Desktop\Python\.venv\Lib\site-packages\oracledb\errors.py", line 199, in _raise_err
    raise error.exc_type(error) from cause
oracledb.exceptions.OperationalError: DPY-6001: Service "FREEPDB1" is not registered with the listener at host "127.0.0.1" port 1521. (Similar to ORA-12514)

The above exception was the direct cause of the following exception:

Traceback (most recent call last):
  File "C:\Users\DEB S\Desktop\Python\app.py", line 138, in <module>
    conn = get_connection(user, password, host, port, service)
  File "C:\Users\DEB S\Desktop\Python\app.py", line 75, in get_connection
    return oracledb.connect(user=user, password=password, dsn=dsn)
           ~~~~~~~~~~~~~~~~^^^^^^^^^^^^^^^^^^^^^^^^^^^^^^^^^^^^^^^
  File "C:\Users\DEB S\Desktop\Python\.venv\Lib\site-packages\oracledb\connection.py", line 1698, in connect
    return conn_class(dsn=dsn, pool=pool, params=params, **kwargs)
  File "C:\Users\DEB S\Desktop\Python\.venv\Lib\site-packages\oracledb\connection.py", line 892, in __init__
    impl.connect(params_impl)
    ~~~~~~~~~~~~^^^^^^^^^^^^^
  File "src/oracledb/impl/thin/connection.pyx", line 526, in oracledb.thin_impl.ThinConnImpl.connect
  File "src/oracledb/impl/thin/connection.pyx", line 522, in oracledb.thin_impl.ThinConnImpl.connect
  File "src/oracledb/impl/thin/connection.pyx", line 465, in oracledb.thin_impl.ThinConnImpl._connect_with_params
  File "src/oracledb/impl/thin/protocol.pyx", line 446, in oracledb.thin_impl.Protocol._process_message
  File "src/oracledb/impl/thin/connection.pyx", line 408, in oracledb.thin_impl.ThinConnImpl._connect_with_address
  File "C:\Users\DEB S\Desktop\Python\.venv\Lib\site-packages\oracledb\errors.py", line 199, in _raise_err
    raise error.exc_type(error) from cause
oracledb.exceptions.OperationalError: DPY-6005: cannot connect to database (CONNECTION_ID=bS7hmQ2MO5exuj2eA2tmhg==).
DPY-6001: Service "FREEPDB1" is not registered with the listener at host "127.0.0.1" port 1521. (Similar to ORA-12514)
